<?xml version="1.0" encoding="utf-8"?><testsuite errors="0" failures="0" name="pytest" skips="1" tests="6" time="72.748"><testcase classname="test.uitests.ApplicationGUI" file="test/uitests.py" line="33" name="test_A_hosting" time="7.74263286591"></testcase><testcase classname="test.uitests.ApplicationGUI" file="test/uitests.py" line="41" name="test_B_directory_listing_superficial" time="0.19473695755"></testcase><testcase classname="test.uitests.ApplicationGUI" file="test/uitests.py" line="52" name="test_C_recursive_clicks_on_applications" time="53.5447640419"></testcase><testcase classname="test.uitests.ApplicationGUI" file="test/uitests.py" line="97" name="test_D_instance_in_list" time="1.35912084579"></testcase><testcase classname="test.uitests.ApplicationGUI" file="test/uitests.py" line="135" name="test_E_select_instance" time="5.29839897156"></testcase><testcase classname="test.uitests.ApplicationGUI" file="test/uitests.py" line="148" name="test_F_application_binding" time="4.40606999397"><skipped message="demonstrating skipping" type="pytest.skip">test/uitests.py:148: &lt;py._xmlgen.raw object at 0x7f27e6155090&gt;</skipped></testcase></testsuite>