<?xml version="1.0" encoding="utf-8"?><testsuite errors="0" failures="0" name="pytest" skips="0" tests="10" time="18.956"><testcase classname="test.unittests.Test_Toolkit" file="test/unittests.py" line="31" name="test_bitefy_unicode_correction" time="0.0026261806488"></testcase><testcase classname="test.unittests.Test_Toolkit" file="test/unittests.py" line="20" name="test_directory_scrapping" time="0.0141031742096"><system-out>//*/*/*/*/*/*/*/*/**/*/*/*/*/* /home/vagrant/git/airliner/config/shared/commander_workspace/web
//*/*/*/*/*/*/*/*/**/*/*/*/*/* /home/vagrant/git/airliner/config/shared/commander_workspace/web
//*/*/*/*/*/*/*/*/**/*/*/*/*/* /home/vagrant/git/airliner/config/shared/commander_workspace/web
//*/*/*/*/*/*/*/*/**/*/*/*/*/* /home/vagrant/git/airliner/config/shared/commander_workspace/web
//*/*/*/*/*/*/*/*/**/*/*/*/*/* /home/vagrant/git/airliner/config/shared/commander_workspace/web
//*/*/*/*/*/*/*/*/**/*/*/*/*/* /home/vagrant/git/airliner/config/shared/commander_workspace/web
//*/*/*/*/*/*/*/*/**/*/*/*/*/* /home/vagrant/git/airliner/config/shared/commander_workspace/web
//*/*/*/*/*/*/*/*/**/*/*/*/*/* /home/vagrant/git/airliner/config/shared/commander_workspace/web
</system-out></testcase><testcase classname="test.unittests.Test_Toolkit" file="test/unittests.py" line="38" name="test_text_preprocessing" time="0.0455892086029"></testcase><testcase classname="test.unittests.Test_Instance" file="test/unittests.py" line="74" name="test_directoryListing" time="1.70747494698"><system-out>{&quot;files&quot;: [{&quot;path&quot;: &quot;/apps&quot;, &quot;absolute_path&quot;: &quot;/home/vagrant/git/airliner/config/shared/commander_workspace/web/apps&quot;, &quot;type&quot;: &quot;dir&quot;, &quot;name&quot;: &quot;apps&quot;}, {&quot;path&quot;: &quot;/cfe&quot;, &quot;absolute_path&quot;: &quot;/home/vagrant/git/airliner/config/shared/commander_workspace/web/cfe&quot;, &quot;type&quot;: &quot;dir&quot;, &quot;name&quot;: &quot;cfe&quot;}, {&quot;path&quot;: &quot;/common&quot;, &quot;absolute_path&quot;: &quot;/home/vagrant/git/airliner/config/shared/commander_workspace/web/common&quot;, &quot;type&quot;: &quot;dir&quot;, &quot;name&quot;: &quot;common&quot;}, {&quot;path&quot;: &quot;/flight&quot;, &quot;absolute_path&quot;: &quot;/home/vagrant/git/airliner/config/shared/commander_workspace/web/flight&quot;, &quot;type&quot;: &quot;dir&quot;, &quot;name&quot;: &quot;flight&quot;}, {&quot;path&quot;: &quot;/mpu9250&quot;, &quot;absolute_path&quot;: &quot;/home/vagrant/git/airliner/config/shared/commander_workspace/web/mpu9250&quot;, &quot;type&quot;: &quot;dir&quot;, &quot;name&quot;: &quot;mpu9250&quot;}, {&quot;path&quot;: &quot;/probe&quot;, &quot;absolute_path&quot;: &quot;/home/vagrant/git/airliner/config/shared/commander_workspace/web/probe&quot;, &quot;type&quot;: &quot;dir&quot;, &quot;name&quot;: &quot;probe&quot;}, {&quot;path&quot;: &quot;/scripts&quot;, &quot;absolute_path&quot;: &quot;/home/vagrant/git/airliner/config/shared/commander_workspace/web/scripts&quot;, &quot;type&quot;: &quot;dir&quot;, &quot;name&quot;: &quot;scripts&quot;}], &quot;path&quot;: &quot;&quot;, &quot;err&quot;: null}
{&quot;files&quot;: [{&quot;path&quot;: &quot;/apps&quot;, &quot;absolute_path&quot;: &quot;/home/vagrant/git/airliner/config/shared/commander_workspace/web/apps&quot;, &quot;type&quot;: &quot;dir&quot;, &quot;name&quot;: &quot;apps&quot;}, {&quot;path&quot;: &quot;/cfe&quot;, &quot;absolute_path&quot;: &quot;/home/vagrant/git/airliner/config/shared/commander_workspace/web/cfe&quot;, &quot;type&quot;: &quot;dir&quot;, &quot;name&quot;: &quot;cfe&quot;}, {&quot;path&quot;: &quot;/common&quot;, &quot;absolute_path&quot;: &quot;/home/vagrant/git/airliner/config/shared/commander_workspace/web/common&quot;, &quot;type&quot;: &quot;dir&quot;, &quot;name&quot;: &quot;common&quot;}, {&quot;path&quot;: &quot;/flight&quot;, &quot;absolute_path&quot;: &quot;/home/vagrant/git/airliner/config/shared/commander_workspace/web/flight&quot;, &quot;type&quot;: &quot;dir&quot;, &quot;name&quot;: &quot;flight&quot;}, {&quot;path&quot;: &quot;/mpu9250&quot;, &quot;absolute_path&quot;: &quot;/home/vagrant/git/airliner/config/shared/commander_workspace/web/mpu9250&quot;, &quot;type&quot;: &quot;dir&quot;, &quot;name&quot;: &quot;mpu9250&quot;}, {&quot;path&quot;: &quot;/probe&quot;, &quot;absolute_path&quot;: &quot;/home/vagrant/git/airliner/config/shared/commander_workspace/web/probe&quot;, &quot;type&quot;: &quot;dir&quot;, &quot;name&quot;: &quot;probe&quot;}, {&quot;path&quot;: &quot;/scripts&quot;, &quot;absolute_path&quot;: &quot;/home/vagrant/git/airliner/config/shared/commander_workspace/web/scripts&quot;, &quot;type&quot;: &quot;dir&quot;, &quot;name&quot;: &quot;scripts&quot;}], &quot;path&quot;: &quot;&quot;, &quot;err&quot;: null}
{&quot;files&quot;: [{&quot;path&quot;: &quot;/apps/cf&quot;, &quot;absolute_path&quot;: &quot;/home/vagrant/git/airliner/config/shared/commander_workspace/web/apps/cf&quot;, &quot;type&quot;: &quot;dir&quot;, &quot;name&quot;: &quot;cf&quot;}, {&quot;path&quot;: &quot;/apps/ci&quot;, &quot;absolute_path&quot;: &quot;/home/vagrant/git/airliner/config/shared/commander_workspace/web/apps/ci&quot;, &quot;type&quot;: &quot;dir&quot;, &quot;name&quot;: &quot;ci&quot;}, {&quot;path&quot;: &quot;/apps/cs&quot;, &quot;absolute_path&quot;: &quot;/home/vagrant/git/airliner/config/shared/commander_workspace/web/apps/cs&quot;, &quot;type&quot;: &quot;dir&quot;, &quot;name&quot;: &quot;cs&quot;}, {&quot;path&quot;: &quot;/apps/ds&quot;, &quot;absolute_path&quot;: &quot;/home/vagrant/git/airliner/config/shared/commander_workspace/web/apps/ds&quot;, &quot;type&quot;: &quot;dir&quot;, &quot;name&quot;: &quot;ds&quot;}, {&quot;path&quot;: &quot;/apps/ea&quot;, &quot;absolute_path&quot;: &quot;/home/vagrant/git/airliner/config/shared/commander_workspace/web/apps/ea&quot;, &quot;type&quot;: &quot;dir&quot;, &quot;name&quot;: &quot;ea&quot;}, {&quot;path&quot;: &quot;/apps/eta&quot;, &quot;absolute_path&quot;: &quot;/home/vagrant/git/airliner/config/shared/commander_workspace/web/apps/eta&quot;, &quot;type&quot;: &quot;dir&quot;, &quot;name&quot;: &quot;eta&quot;}, {&quot;path&quot;: &quot;/apps/fm&quot;, &quot;absolute_path&quot;: &quot;/home/vagrant/git/airliner/config/shared/commander_workspace/web/apps/fm&quot;, &quot;type&quot;: &quot;dir&quot;, &quot;name&quot;: &quot;fm&quot;}, {&quot;path&quot;: &quot;/apps/hk&quot;, &quot;absolute_path&quot;: &quot;/home/vagrant/git/airliner/config/shared/commander_workspace/web/apps/hk&quot;, &quot;type&quot;: &quot;dir&quot;, &quot;name&quot;: &quot;hk&quot;}, {&quot;path&quot;: &quot;/apps/hs&quot;, &quot;absolute_path&quot;: &quot;/home/vagrant/git/airliner/config/shared/commander_workspace/web/apps/hs&quot;, &quot;type&quot;: &quot;dir&quot;, &quot;name&quot;: &quot;hs&quot;}, {&quot;path&quot;: &quot;/apps/lc&quot;, &quot;absolute_path&quot;: &quot;/home/vagrant/git/airliner/config/shared/commander_workspace/web/apps/lc&quot;, &quot;type&quot;: &quot;dir&quot;, &quot;name&quot;: &quot;lc&quot;}, {&quot;path&quot;: &quot;/apps/md&quot;, &quot;absolute_path&quot;: &quot;/home/vagrant/git/airliner/config/shared/commander_workspace/web/apps/md&quot;, &quot;type&quot;: &quot;dir&quot;, &quot;name&quot;: &quot;md&quot;}, {&quot;path&quot;: &quot;/apps/mm&quot;, &quot;absolute_path&quot;: &quot;/home/vagrant/git/airliner/config/shared/commander_workspace/web/apps/mm&quot;, &quot;type&quot;: &quot;dir&quot;, &quot;name&quot;: &quot;mm&quot;}, {&quot;path&quot;: &quot;/apps/mpu9250&quot;, &quot;absolute_path&quot;: &quot;/home/vagrant/git/airliner/config/shared/commander_workspace/web/apps/mpu9250&quot;, &quot;type&quot;: &quot;dir&quot;, &quot;name&quot;: &quot;mpu9250&quot;}, {&quot;path&quot;: &quot;/apps/ms5611&quot;, &quot;absolute_path&quot;: &quot;/home/vagrant/git/airliner/config/shared/commander_workspace/web/apps/ms5611&quot;, &quot;type&quot;: &quot;dir&quot;, &quot;name&quot;: &quot;ms5611&quot;}, {&quot;path&quot;: &quot;/apps/neom8n&quot;, &quot;absolute_path&quot;: &quot;/home/vagrant/git/airliner/config/shared/commander_workspace/web/apps/neom8n&quot;, &quot;type&quot;: &quot;dir&quot;, &quot;name&quot;: &quot;neom8n&quot;}, {&quot;path&quot;: &quot;/apps/px4&quot;, &quot;absolute_path&quot;: &quot;/home/vagrant/git/airliner/config/shared/commander_workspace/web/apps/px4&quot;, &quot;type&quot;: &quot;dir&quot;, &quot;name&quot;: &quot;px4&quot;}, {&quot;path&quot;: &quot;/apps/sc&quot;, &quot;absolute_path&quot;: &quot;/home/vagrant/git/airliner/config/shared/commander_workspace/web/apps/sc&quot;, &quot;type&quot;: &quot;dir&quot;, &quot;name&quot;: &quot;sc&quot;}, {&quot;path&quot;: &quot;/apps/sch&quot;, &quot;absolute_path&quot;: &quot;/home/vagrant/git/airliner/config/shared/commander_workspace/web/apps/sch&quot;, &quot;type&quot;: &quot;dir&quot;, &quot;name&quot;: &quot;sch&quot;}, {&quot;path&quot;: &quot;/apps/to&quot;, &quot;absolute_path&quot;: &quot;/home/vagrant/git/airliner/config/shared/commander_workspace/web/apps/to&quot;, &quot;type&quot;: &quot;dir&quot;, &quot;name&quot;: &quot;to&quot;}, {&quot;path&quot;: &quot;/apps/vc&quot;, &quot;absolute_path&quot;: &quot;/home/vagrant/git/airliner/config/shared/commander_workspace/web/apps/vc&quot;, &quot;type&quot;: &quot;dir&quot;, &quot;name&quot;: &quot;vc&quot;}], &quot;path&quot;: &quot;/apps&quot;, &quot;err&quot;: null}
{&quot;files&quot;: [{&quot;path&quot;: &quot;/apps/cf&quot;, &quot;absolute_path&quot;: &quot;/home/vagrant/git/airliner/config/shared/commander_workspace/web/apps/cf&quot;, &quot;type&quot;: &quot;dir&quot;, &quot;name&quot;: &quot;cf&quot;}, {&quot;path&quot;: &quot;/apps/ci&quot;, &quot;absolute_path&quot;: &quot;/home/vagrant/git/airliner/config/shared/commander_workspace/web/apps/ci&quot;, &quot;type&quot;: &quot;dir&quot;, &quot;name&quot;: &quot;ci&quot;}, {&quot;path&quot;: &quot;/apps/cs&quot;, &quot;absolute_path&quot;: &quot;/home/vagrant/git/airliner/config/shared/commander_workspace/web/apps/cs&quot;, &quot;type&quot;: &quot;dir&quot;, &quot;name&quot;: &quot;cs&quot;}, {&quot;path&quot;: &quot;/apps/ds&quot;, &quot;absolute_path&quot;: &quot;/home/vagrant/git/airliner/config/shared/commander_workspace/web/apps/ds&quot;, &quot;type&quot;: &quot;dir&quot;, &quot;name&quot;: &quot;ds&quot;}, {&quot;path&quot;: &quot;/apps/ea&quot;, &quot;absolute_path&quot;: &quot;/home/vagrant/git/airliner/config/shared/commander_workspace/web/apps/ea&quot;, &quot;type&quot;: &quot;dir&quot;, &quot;name&quot;: &quot;ea&quot;}, {&quot;path&quot;: &quot;/apps/eta&quot;, &quot;absolute_path&quot;: &quot;/home/vagrant/git/airliner/config/shared/commander_workspace/web/apps/eta&quot;, &quot;type&quot;: &quot;dir&quot;, &quot;name&quot;: &quot;eta&quot;}, {&quot;path&quot;: &quot;/apps/fm&quot;, &quot;absolute_path&quot;: &quot;/home/vagrant/git/airliner/config/shared/commander_workspace/web/apps/fm&quot;, &quot;type&quot;: &quot;dir&quot;, &quot;name&quot;: &quot;fm&quot;}, {&quot;path&quot;: &quot;/apps/hk&quot;, &quot;absolute_path&quot;: &quot;/home/vagrant/git/airliner/config/shared/commander_workspace/web/apps/hk&quot;, &quot;type&quot;: &quot;dir&quot;, &quot;name&quot;: &quot;hk&quot;}, {&quot;path&quot;: &quot;/apps/hs&quot;, &quot;absolute_path&quot;: &quot;/home/vagrant/git/airliner/config/shared/commander_workspace/web/apps/hs&quot;, &quot;type&quot;: &quot;dir&quot;, &quot;name&quot;: &quot;hs&quot;}, {&quot;path&quot;: &quot;/apps/lc&quot;, &quot;absolute_path&quot;: &quot;/home/vagrant/git/airliner/config/shared/commander_workspace/web/apps/lc&quot;, &quot;type&quot;: &quot;dir&quot;, &quot;name&quot;: &quot;lc&quot;}, {&quot;path&quot;: &quot;/apps/md&quot;, &quot;absolute_path&quot;: &quot;/home/vagrant/git/airliner/config/shared/commander_workspace/web/apps/md&quot;, &quot;type&quot;: &quot;dir&quot;, &quot;name&quot;: &quot;md&quot;}, {&quot;path&quot;: &quot;/apps/mm&quot;, &quot;absolute_path&quot;: &quot;/home/vagrant/git/airliner/config/shared/commander_workspace/web/apps/mm&quot;, &quot;type&quot;: &quot;dir&quot;, &quot;name&quot;: &quot;mm&quot;}, {&quot;path&quot;: &quot;/apps/mpu9250&quot;, &quot;absolute_path&quot;: &quot;/home/vagrant/git/airliner/config/shared/commander_workspace/web/apps/mpu9250&quot;, &quot;type&quot;: &quot;dir&quot;, &quot;name&quot;: &quot;mpu9250&quot;}, {&quot;path&quot;: &quot;/apps/ms5611&quot;, &quot;absolute_path&quot;: &quot;/home/vagrant/git/airliner/config/shared/commander_workspace/web/apps/ms5611&quot;, &quot;type&quot;: &quot;dir&quot;, &quot;name&quot;: &quot;ms5611&quot;}, {&quot;path&quot;: &quot;/apps/neom8n&quot;, &quot;absolute_path&quot;: &quot;/home/vagrant/git/airliner/config/shared/commander_workspace/web/apps/neom8n&quot;, &quot;type&quot;: &quot;dir&quot;, &quot;name&quot;: &quot;neom8n&quot;}, {&quot;path&quot;: &quot;/apps/px4&quot;, &quot;absolute_path&quot;: &quot;/home/vagrant/git/airliner/config/shared/commander_workspace/web/apps/px4&quot;, &quot;type&quot;: &quot;dir&quot;, &quot;name&quot;: &quot;px4&quot;}, {&quot;path&quot;: &quot;/apps/sc&quot;, &quot;absolute_path&quot;: &quot;/home/vagrant/git/airliner/config/shared/commander_workspace/web/apps/sc&quot;, &quot;type&quot;: &quot;dir&quot;, &quot;name&quot;: &quot;sc&quot;}, {&quot;path&quot;: &quot;/apps/sch&quot;, &quot;absolute_path&quot;: &quot;/home/vagrant/git/airliner/config/shared/commander_workspace/web/apps/sch&quot;, &quot;type&quot;: &quot;dir&quot;, &quot;name&quot;: &quot;sch&quot;}, {&quot;path&quot;: &quot;/apps/to&quot;, &quot;absolute_path&quot;: &quot;/home/vagrant/git/airliner/config/shared/commander_workspace/web/apps/to&quot;, &quot;type&quot;: &quot;dir&quot;, &quot;name&quot;: &quot;to&quot;}, {&quot;path&quot;: &quot;/apps/vc&quot;, &quot;absolute_path&quot;: &quot;/home/vagrant/git/airliner/config/shared/commander_workspace/web/apps/vc&quot;, &quot;type&quot;: &quot;dir&quot;, &quot;name&quot;: &quot;vc&quot;}], &quot;path&quot;: &quot;/apps&quot;, &quot;err&quot;: null}
{&quot;files&quot;: [{&quot;path&quot;: &quot;/apps/ci/b_main.pug&quot;, &quot;absolute_path&quot;: &quot;/home/vagrant/git/airliner/config/shared/commander_workspace/web/apps/ci/b_main.pug&quot;, &quot;type&quot;: &quot;file&quot;, &quot;name&quot;: &quot;b_main.pug&quot;}, {&quot;path&quot;: &quot;/apps/ci/main.pug&quot;, &quot;absolute_path&quot;: &quot;/home/vagrant/git/airliner/config/shared/commander_workspace/web/apps/ci/main.pug&quot;, &quot;type&quot;: &quot;file&quot;, &quot;name&quot;: &quot;main.pug&quot;}], &quot;path&quot;: &quot;/apps/ci&quot;, &quot;err&quot;: null}
{&quot;files&quot;: [{&quot;path&quot;: &quot;/apps/ci/b_main.pug&quot;, &quot;absolute_path&quot;: &quot;/home/vagrant/git/airliner/config/shared/commander_workspace/web/apps/ci/b_main.pug&quot;, &quot;type&quot;: &quot;file&quot;, &quot;name&quot;: &quot;b_main.pug&quot;}, {&quot;path&quot;: &quot;/apps/ci/main.pug&quot;, &quot;absolute_path&quot;: &quot;/home/vagrant/git/airliner/config/shared/commander_workspace/web/apps/ci/main.pug&quot;, &quot;type&quot;: &quot;file&quot;, &quot;name&quot;: &quot;main.pug&quot;}], &quot;path&quot;: &quot;/apps/ci&quot;, &quot;err&quot;: null}
{&quot;files&quot;: [{&quot;path&quot;: &quot;/apps/cs/b_main.pug&quot;, &quot;absolute_path&quot;: &quot;/home/vagrant/git/airliner/config/shared/commander_workspace/web/apps/cs/b_main.pug&quot;, &quot;type&quot;: &quot;file&quot;, &quot;name&quot;: &quot;b_main.pug&quot;}, {&quot;path&quot;: &quot;/apps/cs/main.pug&quot;, &quot;absolute_path&quot;: &quot;/home/vagrant/git/airliner/config/shared/commander_workspace/web/apps/cs/main.pug&quot;, &quot;type&quot;: &quot;file&quot;, &quot;name&quot;: &quot;main.pug&quot;}], &quot;path&quot;: &quot;/apps/cs&quot;, &quot;err&quot;: null}
{&quot;files&quot;: [{&quot;path&quot;: &quot;/apps/cs/b_main.pug&quot;, &quot;absolute_path&quot;: &quot;/home/vagrant/git/airliner/config/shared/commander_workspace/web/apps/cs/b_main.pug&quot;, &quot;type&quot;: &quot;file&quot;, &quot;name&quot;: &quot;b_main.pug&quot;}, {&quot;path&quot;: &quot;/apps/cs/main.pug&quot;, &quot;absolute_path&quot;: &quot;/home/vagrant/git/airliner/config/shared/commander_workspace/web/apps/cs/main.pug&quot;, &quot;type&quot;: &quot;file&quot;, &quot;name&quot;: &quot;main.pug&quot;}], &quot;path&quot;: &quot;/apps/cs&quot;, &quot;err&quot;: null}
{&quot;files&quot;: [{&quot;path&quot;: &quot;/apps/ea/b_main.pug&quot;, &quot;absolute_path&quot;: &quot;/home/vagrant/git/airliner/config/shared/commander_workspace/web/apps/ea/b_main.pug&quot;, &quot;type&quot;: &quot;file&quot;, &quot;name&quot;: &quot;b_main.pug&quot;}, {&quot;path&quot;: &quot;/apps/ea/main.pug&quot;, &quot;absolute_path&quot;: &quot;/home/vagrant/git/airliner/config/shared/commander_workspace/web/apps/ea/main.pug&quot;, &quot;type&quot;: &quot;file&quot;, &quot;name&quot;: &quot;main.pug&quot;}], &quot;path&quot;: &quot;/apps/ea&quot;, &quot;err&quot;: null}
{&quot;files&quot;: [{&quot;path&quot;: &quot;/apps/ea/b_main.pug&quot;, &quot;absolute_path&quot;: &quot;/home/vagrant/git/airliner/config/shared/commander_workspace/web/apps/ea/b_main.pug&quot;, &quot;type&quot;: &quot;file&quot;, &quot;name&quot;: &quot;b_main.pug&quot;}, {&quot;path&quot;: &quot;/apps/ea/main.pug&quot;, &quot;absolute_path&quot;: &quot;/home/vagrant/git/airliner/config/shared/commander_workspace/web/apps/ea/main.pug&quot;, &quot;type&quot;: &quot;file&quot;, &quot;name&quot;: &quot;main.pug&quot;}], &quot;path&quot;: &quot;/apps/ea&quot;, &quot;err&quot;: null}
{&quot;files&quot;: [{&quot;path&quot;: &quot;/apps/fm/b_main.pug&quot;, &quot;absolute_path&quot;: &quot;/home/vagrant/git/airliner/config/shared/commander_workspace/web/apps/fm/b_main.pug&quot;, &quot;type&quot;: &quot;file&quot;, &quot;name&quot;: &quot;b_main.pug&quot;}, {&quot;path&quot;: &quot;/apps/fm/main.pug&quot;, &quot;absolute_path&quot;: &quot;/home/vagrant/git/airliner/config/shared/commander_workspace/web/apps/fm/main.pug&quot;, &quot;type&quot;: &quot;file&quot;, &quot;name&quot;: &quot;main.pug&quot;}], &quot;path&quot;: &quot;/apps/fm&quot;, &quot;err&quot;: null}
{&quot;files&quot;: [{&quot;path&quot;: &quot;/apps/fm/b_main.pug&quot;, &quot;absolute_path&quot;: &quot;/home/vagrant/git/airliner/config/shared/commander_workspace/web/apps/fm/b_main.pug&quot;, &quot;type&quot;: &quot;file&quot;, &quot;name&quot;: &quot;b_main.pug&quot;}, {&quot;path&quot;: &quot;/apps/fm/main.pug&quot;, &quot;absolute_path&quot;: &quot;/home/vagrant/git/airliner/config/shared/commander_workspace/web/apps/fm/main.pug&quot;, &quot;type&quot;: &quot;file&quot;, &quot;name&quot;: &quot;main.pug&quot;}], &quot;path&quot;: &quot;/apps/fm&quot;, &quot;err&quot;: null}
{&quot;files&quot;: [{&quot;path&quot;: &quot;/apps/hs/main.pug&quot;, &quot;absolute_path&quot;: &quot;/home/vagrant/git/airliner/config/shared/commander_workspace/web/apps/hs/main.pug&quot;, &quot;type&quot;: &quot;file&quot;, &quot;name&quot;: &quot;main.pug&quot;}], &quot;path&quot;: &quot;/apps/hs&quot;, &quot;err&quot;: null}
{&quot;files&quot;: [{&quot;path&quot;: &quot;/apps/hs/main.pug&quot;, &quot;absolute_path&quot;: &quot;/home/vagrant/git/airliner/config/shared/commander_workspace/web/apps/hs/main.pug&quot;, &quot;type&quot;: &quot;file&quot;, &quot;name&quot;: &quot;main.pug&quot;}], &quot;path&quot;: &quot;/apps/hs&quot;, &quot;err&quot;: null}
{&quot;files&quot;: [{&quot;path&quot;: &quot;/apps/md/main.pug&quot;, &quot;absolute_path&quot;: &quot;/home/vagrant/git/airliner/config/shared/commander_workspace/web/apps/md/main.pug&quot;, &quot;type&quot;: &quot;file&quot;, &quot;name&quot;: &quot;main.pug&quot;}], &quot;path&quot;: &quot;/apps/md&quot;, &quot;err&quot;: null}
{&quot;files&quot;: [{&quot;path&quot;: &quot;/apps/md/main.pug&quot;, &quot;absolute_path&quot;: &quot;/home/vagrant/git/airliner/config/shared/commander_workspace/web/apps/md/main.pug&quot;, &quot;type&quot;: &quot;file&quot;, &quot;name&quot;: &quot;main.pug&quot;}], &quot;path&quot;: &quot;/apps/md&quot;, &quot;err&quot;: null}
{&quot;files&quot;: [{&quot;path&quot;: &quot;/apps/ms5611/main.pug&quot;, &quot;absolute_path&quot;: &quot;/home/vagrant/git/airliner/config/shared/commander_workspace/web/apps/ms5611/main.pug&quot;, &quot;type&quot;: &quot;file&quot;, &quot;name&quot;: &quot;main.pug&quot;}], &quot;path&quot;: &quot;/apps/ms5611&quot;, &quot;err&quot;: null}
{&quot;files&quot;: [{&quot;path&quot;: &quot;/apps/ms5611/main.pug&quot;, &quot;absolute_path&quot;: &quot;/home/vagrant/git/airliner/config/shared/commander_workspace/web/apps/ms5611/main.pug&quot;, &quot;type&quot;: &quot;file&quot;, &quot;name&quot;: &quot;main.pug&quot;}], &quot;path&quot;: &quot;/apps/ms5611&quot;, &quot;err&quot;: null}
{&quot;files&quot;: [{&quot;path&quot;: &quot;/apps/px4/accel.pug&quot;, &quot;absolute_path&quot;: &quot;/home/vagrant/git/airliner/config/shared/commander_workspace/web/apps/px4/accel.pug&quot;, &quot;type&quot;: &quot;file&quot;, &quot;name&quot;: &quot;accel.pug&quot;}, {&quot;path&quot;: &quot;/apps/px4/baro.pug&quot;, &quot;absolute_path&quot;: &quot;/home/vagrant/git/airliner/config/shared/commander_workspace/web/apps/px4/baro.pug&quot;, &quot;type&quot;: &quot;file&quot;, &quot;name&quot;: &quot;baro.pug&quot;}, {&quot;path&quot;: &quot;/apps/px4/battery.pug&quot;, &quot;absolute_path&quot;: &quot;/home/vagrant/git/airliner/config/shared/commander_workspace/web/apps/px4/battery.pug&quot;, &quot;type&quot;: &quot;file&quot;, &quot;name&quot;: &quot;battery.pug&quot;}, {&quot;path&quot;: &quot;/apps/px4/gyro.pug&quot;, &quot;absolute_path&quot;: &quot;/home/vagrant/git/airliner/config/shared/commander_workspace/web/apps/px4/gyro.pug&quot;, &quot;type&quot;: &quot;file&quot;, &quot;name&quot;: &quot;gyro.pug&quot;}, {&quot;path&quot;: &quot;/apps/px4/mag.pug&quot;, &quot;absolute_path&quot;: &quot;/home/vagrant/git/airliner/config/shared/commander_workspace/web/apps/px4/mag.pug&quot;, &quot;type&quot;: &quot;file&quot;, &quot;name&quot;: &quot;mag.pug&quot;}, {&quot;path&quot;: &quot;/apps/px4/main.pug&quot;, &quot;absolute_path&quot;: &quot;/home/vagrant/git/airliner/config/shared/commander_workspace/web/apps/px4/main.pug&quot;, &quot;type&quot;: &quot;file&quot;, &quot;name&quot;: &quot;main.pug&quot;}, {&quot;path&quot;: &quot;/apps/px4/motor_control.pug&quot;, &quot;absolute_path&quot;: &quot;/home/vagrant/git/airliner/config/shared/commander_workspace/web/apps/px4/motor_control.pug&quot;, &quot;type&quot;: &quot;file&quot;, &quot;name&quot;: &quot;motor_control.pug&quot;}, {&quot;path&quot;: &quot;/apps/px4/sensors.pug&quot;, &quot;absolute_path&quot;: &quot;/home/vagrant/git/airliner/config/shared/commander_workspace/web/apps/px4/sensors.pug&quot;, &quot;type&quot;: &quot;file&quot;, &quot;name&quot;: &quot;sensors.pug&quot;}, {&quot;path&quot;: &quot;/apps/px4/vehicle_attitude.pug&quot;, &quot;absolute_path&quot;: &quot;/home/vagrant/git/airliner/config/shared/commander_workspace/web/apps/px4/vehicle_attitude.pug&quot;, &quot;type&quot;: &quot;file&quot;, &quot;name&quot;: &quot;vehicle_attitude.pug&quot;}], &quot;path&quot;: &quot;/apps/px4&quot;, &quot;err&quot;: null}
{&quot;files&quot;: [{&quot;path&quot;: &quot;/apps/px4/accel.pug&quot;, &quot;absolute_path&quot;: &quot;/home/vagrant/git/airliner/config/shared/commander_workspace/web/apps/px4/accel.pug&quot;, &quot;type&quot;: &quot;file&quot;, &quot;name&quot;: &quot;accel.pug&quot;}, {&quot;path&quot;: &quot;/apps/px4/baro.pug&quot;, &quot;absolute_path&quot;: &quot;/home/vagrant/git/airliner/config/shared/commander_workspace/web/apps/px4/baro.pug&quot;, &quot;type&quot;: &quot;file&quot;, &quot;name&quot;: &quot;baro.pug&quot;}, {&quot;path&quot;: &quot;/apps/px4/battery.pug&quot;, &quot;absolute_path&quot;: &quot;/home/vagrant/git/airliner/config/shared/commander_workspace/web/apps/px4/battery.pug&quot;, &quot;type&quot;: &quot;file&quot;, &quot;name&quot;: &quot;battery.pug&quot;}, {&quot;path&quot;: &quot;/apps/px4/gyro.pug&quot;, &quot;absolute_path&quot;: &quot;/home/vagrant/git/airliner/config/shared/commander_workspace/web/apps/px4/gyro.pug&quot;, &quot;type&quot;: &quot;file&quot;, &quot;name&quot;: &quot;gyro.pug&quot;}, {&quot;path&quot;: &quot;/apps/px4/mag.pug&quot;, &quot;absolute_path&quot;: &quot;/home/vagrant/git/airliner/config/shared/commander_workspace/web/apps/px4/mag.pug&quot;, &quot;type&quot;: &quot;file&quot;, &quot;name&quot;: &quot;mag.pug&quot;}, {&quot;path&quot;: &quot;/apps/px4/main.pug&quot;, &quot;absolute_path&quot;: &quot;/home/vagrant/git/airliner/config/shared/commander_workspace/web/apps/px4/main.pug&quot;, &quot;type&quot;: &quot;file&quot;, &quot;name&quot;: &quot;main.pug&quot;}, {&quot;path&quot;: &quot;/apps/px4/motor_control.pug&quot;, &quot;absolute_path&quot;: &quot;/home/vagrant/git/airliner/config/shared/commander_workspace/web/apps/px4/motor_control.pug&quot;, &quot;type&quot;: &quot;file&quot;, &quot;name&quot;: &quot;motor_control.pug&quot;}, {&quot;path&quot;: &quot;/apps/px4/sensors.pug&quot;, &quot;absolute_path&quot;: &quot;/home/vagrant/git/airliner/config/shared/commander_workspace/web/apps/px4/sensors.pug&quot;, &quot;type&quot;: &quot;file&quot;, &quot;name&quot;: &quot;sensors.pug&quot;}, {&quot;path&quot;: &quot;/apps/px4/vehicle_attitude.pug&quot;, &quot;absolute_path&quot;: &quot;/home/vagrant/git/airliner/config/shared/commander_workspace/web/apps/px4/vehicle_attitude.pug&quot;, &quot;type&quot;: &quot;file&quot;, &quot;name&quot;: &quot;vehicle_attitude.pug&quot;}], &quot;path&quot;: &quot;/apps/px4&quot;, &quot;err&quot;: null}
{&quot;files&quot;: [{&quot;path&quot;: &quot;/apps/to/main.pug&quot;, &quot;absolute_path&quot;: &quot;/home/vagrant/git/airliner/config/shared/commander_workspace/web/apps/to/main.pug&quot;, &quot;type&quot;: &quot;file&quot;, &quot;name&quot;: &quot;main.pug&quot;}], &quot;path&quot;: &quot;/apps/to&quot;, &quot;err&quot;: null}
{&quot;files&quot;: [{&quot;path&quot;: &quot;/apps/to/main.pug&quot;, &quot;absolute_path&quot;: &quot;/home/vagrant/git/airliner/config/shared/commander_workspace/web/apps/to/main.pug&quot;, &quot;type&quot;: &quot;file&quot;, &quot;name&quot;: &quot;main.pug&quot;}], &quot;path&quot;: &quot;/apps/to&quot;, &quot;err&quot;: null}
{&quot;files&quot;: [{&quot;path&quot;: &quot;/common/cfe_es.pug&quot;, &quot;absolute_path&quot;: &quot;/home/vagrant/git/airliner/config/shared/commander_workspace/web/common/cfe_es.pug&quot;, &quot;type&quot;: &quot;file&quot;, &quot;name&quot;: &quot;cfe_es.pug&quot;}, {&quot;path&quot;: &quot;/common/flight.pug&quot;, &quot;absolute_path&quot;: &quot;/home/vagrant/git/airliner/config/shared/commander_workspace/web/common/flight.pug&quot;, &quot;type&quot;: &quot;file&quot;, &quot;name&quot;: &quot;flight.pug&quot;}, {&quot;path&quot;: &quot;/common/groundtrack.pug&quot;, &quot;absolute_path&quot;: &quot;/home/vagrant/git/airliner/config/shared/commander_workspace/web/common/groundtrack.pug&quot;, &quot;type&quot;: &quot;file&quot;, &quot;name&quot;: &quot;groundtrack.pug&quot;}, {&quot;path&quot;: &quot;/common/home.pug&quot;, &quot;absolute_path&quot;: &quot;/home/vagrant/git/airliner/config/shared/commander_workspace/web/common/home.pug&quot;, &quot;type&quot;: &quot;file&quot;, &quot;name&quot;: &quot;home.pug&quot;}, {&quot;path&quot;: &quot;/common/layout.pug&quot;, &quot;absolute_path&quot;: &quot;/home/vagrant/git/airliner/config/shared/commander_workspace/web/common/layout.pug&quot;, &quot;type&quot;: &quot;file&quot;, &quot;name&quot;: &quot;layout.pug&quot;}, {&quot;path&quot;: &quot;/common/layout_backup.jade&quot;, &quot;absolute_path&quot;: &quot;/home/vagrant/git/airliner/config/shared/commander_workspace/web/common/layout_backup.jade&quot;, &quot;type&quot;: &quot;file&quot;, &quot;name&quot;: &quot;layout_backup.jade&quot;}, {&quot;path&quot;: &quot;/common/layout_backup.pug&quot;, &quot;absolute_path&quot;: &quot;/home/vagrant/git/airliner/config/shared/commander_workspace/web/common/layout_backup.pug&quot;, &quot;type&quot;: &quot;file&quot;, &quot;name&quot;: &quot;layout_backup.pug&quot;}, {&quot;path&quot;: &quot;/common/layout_html.pug&quot;, &quot;absolute_path&quot;: &quot;/home/vagrant/git/airliner/config/shared/commander_workspace/web/common/layout_html.pug&quot;, &quot;type&quot;: &quot;file&quot;, &quot;name&quot;: &quot;layout_html.pug&quot;}], &quot;path&quot;: &quot;/common&quot;, &quot;err&quot;: null}
{&quot;files&quot;: [{&quot;path&quot;: &quot;/common/cfe_es.pug&quot;, &quot;absolute_path&quot;: &quot;/home/vagrant/git/airliner/config/shared/commander_workspace/web/common/cfe_es.pug&quot;, &quot;type&quot;: &quot;file&quot;, &quot;name&quot;: &quot;cfe_es.pug&quot;}, {&quot;path&quot;: &quot;/common/flight.pug&quot;, &quot;absolute_path&quot;: &quot;/home/vagrant/git/airliner/config/shared/commander_workspace/web/common/flight.pug&quot;, &quot;type&quot;: &quot;file&quot;, &quot;name&quot;: &quot;flight.pug&quot;}, {&quot;path&quot;: &quot;/common/groundtrack.pug&quot;, &quot;absolute_path&quot;: &quot;/home/vagrant/git/airliner/config/shared/commander_workspace/web/common/groundtrack.pug&quot;, &quot;type&quot;: &quot;file&quot;, &quot;name&quot;: &quot;groundtrack.pug&quot;}, {&quot;path&quot;: &quot;/common/home.pug&quot;, &quot;absolute_path&quot;: &quot;/home/vagrant/git/airliner/config/shared/commander_workspace/web/common/home.pug&quot;, &quot;type&quot;: &quot;file&quot;, &quot;name&quot;: &quot;home.pug&quot;}, {&quot;path&quot;: &quot;/common/layout.pug&quot;, &quot;absolute_path&quot;: &quot;/home/vagrant/git/airliner/config/shared/commander_workspace/web/common/layout.pug&quot;, &quot;type&quot;: &quot;file&quot;, &quot;name&quot;: &quot;layout.pug&quot;}, {&quot;path&quot;: &quot;/common/layout_backup.jade&quot;, &quot;absolute_path&quot;: &quot;/home/vagrant/git/airliner/config/shared/commander_workspace/web/common/layout_backup.jade&quot;, &quot;type&quot;: &quot;file&quot;, &quot;name&quot;: &quot;layout_backup.jade&quot;}, {&quot;path&quot;: &quot;/common/layout_backup.pug&quot;, &quot;absolute_path&quot;: &quot;/home/vagrant/git/airliner/config/shared/commander_workspace/web/common/layout_backup.pug&quot;, &quot;type&quot;: &quot;file&quot;, &quot;name&quot;: &quot;layout_backup.pug&quot;}, {&quot;path&quot;: &quot;/common/layout_html.pug&quot;, &quot;absolute_path&quot;: &quot;/home/vagrant/git/airliner/config/shared/commander_workspace/web/common/layout_html.pug&quot;, &quot;type&quot;: &quot;file&quot;, &quot;name&quot;: &quot;layout_html.pug&quot;}], &quot;path&quot;: &quot;/common&quot;, &quot;err&quot;: null}
{&quot;files&quot;: [{&quot;path&quot;: &quot;/apps/cs/b_main.pug&quot;, &quot;absolute_path&quot;: &quot;/home/vagrant/git/airliner/config/shared/commander_workspace/web/apps/cs/b_main.pug&quot;, &quot;type&quot;: &quot;file&quot;, &quot;name&quot;: &quot;b_main.pug&quot;}, {&quot;path&quot;: &quot;/apps/cs/main.pug&quot;, &quot;absolute_path&quot;: &quot;/home/vagrant/git/airliner/config/shared/commander_workspace/web/apps/cs/main.pug&quot;, &quot;type&quot;: &quot;file&quot;, &quot;name&quot;: &quot;main.pug&quot;}], &quot;path&quot;: &quot;/apps/cs&quot;, &quot;err&quot;: null}
{&quot;files&quot;: [{&quot;path&quot;: &quot;/apps/cs/b_main.pug&quot;, &quot;absolute_path&quot;: &quot;/home/vagrant/git/airliner/config/shared/commander_workspace/web/apps/cs/b_main.pug&quot;, &quot;type&quot;: &quot;file&quot;, &quot;name&quot;: &quot;b_main.pug&quot;}, {&quot;path&quot;: &quot;/apps/cs/main.pug&quot;, &quot;absolute_path&quot;: &quot;/home/vagrant/git/airliner/config/shared/commander_workspace/web/apps/cs/main.pug&quot;, &quot;type&quot;: &quot;file&quot;, &quot;name&quot;: &quot;main.pug&quot;}], &quot;path&quot;: &quot;/apps/cs&quot;, &quot;err&quot;: null}
{&quot;files&quot;: [{&quot;path&quot;: &quot;/apps/ds/b_main.pug&quot;, &quot;absolute_path&quot;: &quot;/home/vagrant/git/airliner/config/shared/commander_workspace/web/apps/ds/b_main.pug&quot;, &quot;type&quot;: &quot;file&quot;, &quot;name&quot;: &quot;b_main.pug&quot;}, {&quot;path&quot;: &quot;/apps/ds/main.pug&quot;, &quot;absolute_path&quot;: &quot;/home/vagrant/git/airliner/config/shared/commander_workspace/web/apps/ds/main.pug&quot;, &quot;type&quot;: &quot;file&quot;, &quot;name&quot;: &quot;main.pug&quot;}], &quot;path&quot;: &quot;/apps/ds&quot;, &quot;err&quot;: null}
{&quot;files&quot;: [{&quot;path&quot;: &quot;/apps/ds/b_main.pug&quot;, &quot;absolute_path&quot;: &quot;/home/vagrant/git/airliner/config/shared/commander_workspace/web/apps/ds/b_main.pug&quot;, &quot;type&quot;: &quot;file&quot;, &quot;name&quot;: &quot;b_main.pug&quot;}, {&quot;path&quot;: &quot;/apps/ds/main.pug&quot;, &quot;absolute_path&quot;: &quot;/home/vagrant/git/airliner/config/shared/commander_workspace/web/apps/ds/main.pug&quot;, &quot;type&quot;: &quot;file&quot;, &quot;name&quot;: &quot;main.pug&quot;}], &quot;path&quot;: &quot;/apps/ds&quot;, &quot;err&quot;: null}
{&quot;files&quot;: [{&quot;path&quot;: &quot;/apps&quot;, &quot;absolute_path&quot;: &quot;/home/vagrant/git/airliner/config/shared/commander_workspace/web/apps&quot;, &quot;type&quot;: &quot;dir&quot;, &quot;name&quot;: &quot;apps&quot;}, {&quot;path&quot;: &quot;/cfe&quot;, &quot;absolute_path&quot;: &quot;/home/vagrant/git/airliner/config/shared/commander_workspace/web/cfe&quot;, &quot;type&quot;: &quot;dir&quot;, &quot;name&quot;: &quot;cfe&quot;}, {&quot;path&quot;: &quot;/common&quot;, &quot;absolute_path&quot;: &quot;/home/vagrant/git/airliner/config/shared/commander_workspace/web/common&quot;, &quot;type&quot;: &quot;dir&quot;, &quot;name&quot;: &quot;common&quot;}, {&quot;path&quot;: &quot;/flight&quot;, &quot;absolute_path&quot;: &quot;/home/vagrant/git/airliner/config/shared/commander_workspace/web/flight&quot;, &quot;type&quot;: &quot;dir&quot;, &quot;name&quot;: &quot;flight&quot;}, {&quot;path&quot;: &quot;/mpu9250&quot;, &quot;absolute_path&quot;: &quot;/home/vagrant/git/airliner/config/shared/commander_workspace/web/mpu9250&quot;, &quot;type&quot;: &quot;dir&quot;, &quot;name&quot;: &quot;mpu9250&quot;}, {&quot;path&quot;: &quot;/probe&quot;, &quot;absolute_path&quot;: &quot;/home/vagrant/git/airliner/config/shared/commander_workspace/web/probe&quot;, &quot;type&quot;: &quot;dir&quot;, &quot;name&quot;: &quot;probe&quot;}, {&quot;path&quot;: &quot;/scripts&quot;, &quot;absolute_path&quot;: &quot;/home/vagrant/git/airliner/config/shared/commander_workspace/web/scripts&quot;, &quot;type&quot;: &quot;dir&quot;, &quot;name&quot;: &quot;scripts&quot;}], &quot;path&quot;: &quot;&quot;, &quot;err&quot;: null}
{&quot;files&quot;: [{&quot;path&quot;: &quot;/apps&quot;, &quot;absolute_path&quot;: &quot;/home/vagrant/git/airliner/config/shared/commander_workspace/web/apps&quot;, &quot;type&quot;: &quot;dir&quot;, &quot;name&quot;: &quot;apps&quot;}, {&quot;path&quot;: &quot;/cfe&quot;, &quot;absolute_path&quot;: &quot;/home/vagrant/git/airliner/config/shared/commander_workspace/web/cfe&quot;, &quot;type&quot;: &quot;dir&quot;, &quot;name&quot;: &quot;cfe&quot;}, {&quot;path&quot;: &quot;/common&quot;, &quot;absolute_path&quot;: &quot;/home/vagrant/git/airliner/config/shared/commander_workspace/web/common&quot;, &quot;type&quot;: &quot;dir&quot;, &quot;name&quot;: &quot;common&quot;}, {&quot;path&quot;: &quot;/flight&quot;, &quot;absolute_path&quot;: &quot;/home/vagrant/git/airliner/config/shared/commander_workspace/web/flight&quot;, &quot;type&quot;: &quot;dir&quot;, &quot;name&quot;: &quot;flight&quot;}, {&quot;path&quot;: &quot;/mpu9250&quot;, &quot;absolute_path&quot;: &quot;/home/vagrant/git/airliner/config/shared/commander_workspace/web/mpu9250&quot;, &quot;type&quot;: &quot;dir&quot;, &quot;name&quot;: &quot;mpu9250&quot;}, {&quot;path&quot;: &quot;/probe&quot;, &quot;absolute_path&quot;: &quot;/home/vagrant/git/airliner/config/shared/commander_workspace/web/probe&quot;, &quot;type&quot;: &quot;dir&quot;, &quot;name&quot;: &quot;probe&quot;}, {&quot;path&quot;: &quot;/scripts&quot;, &quot;absolute_path&quot;: &quot;/home/vagrant/git/airliner/config/shared/commander_workspace/web/scripts&quot;, &quot;type&quot;: &quot;dir&quot;, &quot;name&quot;: &quot;scripts&quot;}], &quot;path&quot;: &quot;&quot;, &quot;err&quot;: null}
</system-out></testcase><testcase classname="test.unittests.Test_Instance" file="test/unittests.py" line="59" name="test_getinstance" time="0.227301836014"></testcase><testcase classname="test.unittests.Test_Instance" file="test/unittests.py" line="67" name="test_setDefaultInstance" time="1.05817198753"></testcase><testcase classname="test.unittests.Test_Telemetry" file="test/unittests.py" line="116" name="test_telemetry_subscription" time="0.689016580582"></testcase><testcase classname="test.unittests.Test_Telemetry" file="test/unittests.py" line="150" name="test_telemetry_unsubscription" time="11.2578196526"><system-out>

</system-out></testcase><testcase classname="test.unittests.Test_Commanding" file="test/unittests.py" line="202" name="test_get_commanding_info" time="3.90252614021"></testcase><testcase classname="test.unittests.Test_Commanding" file="test/unittests.py" line="213" name="test_get_commanding_post" time="0.000741958618164"></testcase></testsuite>